This file contains any messages produced by compilers while
running configure, to aid debugging if configure makes a mistake.

It was created by preview-latex configure 11.84, which was
generated by GNU Autoconf 2.68.  Invocation command line was

  $ ./configure --disable-option-checking --prefix=/usr/local --with-lispdir=/home/feng/.emacs.d/el-get/auctex --with-emacs=/usr/bin/emacs --cache-file=/dev/null --srcdir=.

## --------- ##
## Platform. ##
## --------- ##

hostname = feng
uname -m = x86_64
uname -r = 3.2.0-25-generic
uname -s = Linux
uname -v = #40-Ubuntu SMP Wed May 23 20:30:51 UTC 2012

/usr/bin/uname -p = unknown
/bin/uname -X     = unknown

/bin/arch              = unknown
/usr/bin/arch -k       = unknown
/usr/convex/getsysinfo = unknown
/usr/bin/hostinfo      = unknown
/bin/machine           = unknown
/usr/bin/oslevel       = unknown
/bin/universe          = unknown

PATH: /home/feng/bin
PATH: /usr/lib/lightdm/lightdm
PATH: /usr/local/sbin
PATH: /usr/local/bin
PATH: /usr/sbin
PATH: /usr/bin
PATH: /sbin
PATH: /bin
PATH: /usr/games
PATH: /usr/local/texlive/2011/bin/x86_64-linux
PATH: /opt/android-sdk-linux_x87/tools
PATH: /opt/jdk1.7.0_01/bin
PATH: /opt/jdk1.7.0_01/jre/bin
PATH: /opt/android-sdk-linux_x86/platform-tools
PATH: /opt/android-ndk-r6b
PATH: /opt/matlab/bin/
PATH: /usr/local/Sourcery_CodeBench_Lite_for_ARM_EABI/bin


## ----------- ##
## Core tests. ##
## ----------- ##

configure:1726: checking whether make sets $(MAKE)
configure:1748: result: yes
configure:1800: checking for a BSD-compatible install
configure:1868: result: /usr/bin/install -c
configure:1931: checking for /usr/bin/emacs
configure:1961: result: /usr/bin/emacs
configure:1977: checking if /usr/bin/emacs is XEmacs
/usr/bin/emacs -batch -no-site-file -eval (let* ((x (if (featurep (quote xemacs)) "yes" "no"))) (write-region (if (stringp x) x (prin1-to-string x)) nil "./conftest-9728"))
Wrote /home/feng/.emacs.d/el-get/auctex/preview/conftest-9728
=> no
configure:1997: result: no
configure:2001: checking for Emacs prefix
/usr/bin/emacs -batch -no-site-file -eval (let* ((cmd(pop command-line-args-left))(x (condition-case nil (let*
    ((prefix (directory-file-name (file-name-directory (executable-find cmd))))
     (parent (directory-file-name (file-name-directory prefix))))
    (if (string= (file-name-nondirectory prefix) "bin")
        (setq prefix parent)
      (if (string= (file-name-nondirectory parent) "bin")
         (setq prefix (directory-file-name (file-name-directory parent)))))
    prefix) (error NONE)))) (write-region (if (stringp x) x (prin1-to-string x)) nil "./conftest-9728")) /usr/bin/emacs
Wrote /home/feng/.emacs.d/el-get/auctex/preview/conftest-9728
=> /usr
configure:2020: result: "/usr"
configure:2050: checking if Emacs is recent enough
/usr/bin/emacs -batch -no-site-file -eval (let* ((x (cond ((< emacs-major-version 21) "no")
			 ((> emacs-major-version 21) "yes")
			 ((< emacs-minor-version 01) "no")
			 (t "yes")))) (write-region (if (stringp x) x (prin1-to-string x)) nil "./conftest-9728"))
Wrote /home/feng/.emacs.d/el-get/auctex/preview/conftest-9728
=> yes
configure:2064: result: yes
configure:2102: checking if build directory is valid
/usr/bin/emacs -batch -eval (let* ((x (if (or (member (directory-file-name default-directory) load-path)	      (member (file-name-as-directory default-directory) load-path))	 "no" "yes"))) (write-region (if (stringp x) x (prin1-to-string x)) nil "./conftest-9728"))
Loading 00debian-vars...
Loading /etc/emacs23/site-start.d/50auctex.el (source)...
Loading /usr/share/emacs/23.3/site-lisp/auctex.el (source)...
Loading /usr/share/emacs/23.3/site-lisp/preview-latex.el (source)...
Loading /etc/emacs/site-start.d/50autoconf.el (source)...
Loading /etc/emacs/site-start.d/50cmake-data.el (source)...
Loading /etc/emacs/site-start.d/50devhelp.el (source)...
Loading /etc/emacs/site-start.d/50dictionaries-common.el (source)...
Loading debian-ispell...
Loading /var/cache/dictionaries-common/emacsen-ispell-default.el (source)...
Loading /var/cache/dictionaries-common/emacsen-ispell-dicts.el (source)...
Loading /etc/emacs/site-start.d/50gtk-doc-tools.el (source)...
Loading /etc/emacs/site-start.d/50psvn.el (source)...
Loading /etc/emacs/site-start.d/50python-docutils.el (source)...
Wrote /home/feng/.emacs.d/el-get/auctex/preview/conftest-9728
=> yes
configure:2118: result: yes
configure:2208: checking where lisp files go
configure:2280: result: /home/feng/.emacs.d/el-get/auctex
configure:2284: checking what file to use for preview startup
configure:2311: result: /home/feng/.emacs.d/el-get/auctex/preview-latex.el
configure:2325: checking where the package lisp files go
/usr/bin/emacs -batch -no-site-file -eval (let* ((path(pop command-line-args-left)) (lispdir(pop command-line-args-left)) (startup(pop command-line-args-left)) (target(pop command-line-args-left))(x (progn (setq path (directory-file-name path))
  (if (or target
          (not (string= (car load-path) (directory-file-name (car load-path)))))
    (setq path (file-name-as-directory path)))
  (setq path (expand-file-name path lispdir))
  (setq startupdir (file-name-directory (expand-file-name startup lispdir)))
  (prin1-to-string
    (if (or (string-match "\\`\\.\\."
              (setq relname (file-relative-name startupdir lispdir)))
            (file-name-absolute-p relname)
	    (string-match "\\`\\.\\."
              (setq relname (file-relative-name path lispdir)))
 	    (file-name-absolute-p relname))
	  (concat path target)
	(cond (target
	       `(expand-file-name
                   ,(file-relative-name (concat path target) startupdir)
	           (file-name-directory load-file-name)))
              ((string= path startupdir)
	         '(file-name-directory load-file-name))
	      ((string= path (directory-file-name startupdir))
                 '(directory-file-name (file-name-directory load-file-name)))
              (t
	       `(expand-file-name
                   ,(file-relative-name path startupdir)
	           (file-name-directory load-file-name))))))))) (write-region (if (stringp x) x (prin1-to-string x)) nil "./conftest-9728")) /home/feng/.emacs.d/el-get/auctex/auctex /home/feng/.emacs.d/el-get/auctex /home/feng/.emacs.d/el-get/auctex/preview-latex.el
Wrote /home/feng/.emacs.d/el-get/auctex/preview/conftest-9728
=> (expand-file-name "auctex" (file-name-directory load-file-name))
configure:2406: result: /home/feng/.emacs.d/el-get/auctex/auctex
configure:2409: checking where the data files go
/usr/bin/emacs -batch -no-site-file -eval (let* ((path(pop command-line-args-left)) (lispdir(pop command-line-args-left)) (startup(pop command-line-args-left)) (target(pop command-line-args-left))(x (progn (setq path (directory-file-name path))
  (if (or target
          (not (string= (car load-path) (directory-file-name (car load-path)))))
    (setq path (file-name-as-directory path)))
  (setq path (expand-file-name path lispdir))
  (setq startupdir (file-name-directory (expand-file-name startup lispdir)))
  (prin1-to-string
    (if (or (string-match "\\`\\.\\."
              (setq relname (file-relative-name startupdir lispdir)))
            (file-name-absolute-p relname)
	    (string-match "\\`\\.\\."
              (setq relname (file-relative-name path lispdir)))
 	    (file-name-absolute-p relname))
	  (concat path target)
	(cond (target
	       `(expand-file-name
                   ,(file-relative-name (concat path target) startupdir)
	           (file-name-directory load-file-name)))
              ((string= path startupdir)
	         '(file-name-directory load-file-name))
	      ((string= path (directory-file-name startupdir))
                 '(directory-file-name (file-name-directory load-file-name)))
              (t
	       `(expand-file-name
                   ,(file-relative-name path startupdir)
	           (file-name-directory load-file-name))))))))) (write-region (if (stringp x) x (prin1-to-string x)) nil "./conftest-9728")) /home/feng/.emacs.d/el-get/auctex/auctex /home/feng/.emacs.d/el-get/auctex /home/feng/.emacs.d/el-get/auctex/preview-latex.el
Wrote /home/feng/.emacs.d/el-get/auctex/preview/conftest-9728
=> (expand-file-name "auctex" (file-name-directory load-file-name))
configure:2490: result: /home/feng/.emacs.d/el-get/auctex/auctex
configure:2497: checking for the location of AUCTeX's tex-site.el
configure:2546: result: ..
configure:2557: checking for gs
configure:2573: found /usr/bin/gs
configure:2584: result: gs
/usr/bin/emacs -batch -no-site-file -eval (let* ((dir(pop command-line-args-left))(x (if (member dir (list "NONE" (if (eq system-type 'windows-nt) "GSWIN32C.EXE" "gs"))) "" `(defvar preview-gs-command ,dir)))) (write-region (if (stringp x) x (prin1-to-string x)) nil "./conftest-9728")) gs
Wrote /home/feng/.emacs.d/el-get/auctex/preview/conftest-9728
=> 
configure:2612: checking for latex
configure:2630: found /usr/local/bin/latex
configure:2643: result: /usr/local/bin/latex
configure:2659: checking for pdflatex
configure:2677: found /usr/local/bin/pdflatex
configure:2689: result: /usr/local/bin/pdflatex
configure:2708: checking for tex
configure:2739: result: /usr/local/bin/tex
configure:2843: checking for prefix from kpsepath
/usr/bin/emacs -batch -no-site-file -eval (let* ((cmd(pop command-line-args-left))(x (condition-case nil (let*
    ((prefix (directory-file-name (file-name-directory (executable-find cmd))))
     (parent (directory-file-name (file-name-directory prefix))))
    (if (string= (file-name-nondirectory prefix) "bin")
        (setq prefix parent)
      (if (string= (file-name-nondirectory parent) "bin")
         (setq prefix (directory-file-name (file-name-directory parent)))))
    prefix) (error NONE)))) (write-region (if (stringp x) x (prin1-to-string x)) nil "./conftest-9728")) kpsepath
Wrote /home/feng/.emacs.d/el-get/auctex/preview/conftest-9728
=> /usr/local
configure:2867: result: "/usr/local"
configure:2870: checking for TDS-compliant directory
/usr/bin/emacs -batch -no-site-file -eval (let* ((prefix(pop command-line-args-left)) (expanded(pop command-line-args-left)) (pathoutput(pop command-line-args-left))(x (catch 22
       (let (reldir (dirs (mapcar (lambda(x)
              (and (string-match "\\`!*\\(.*\\)/tex/latex//+\\'" x)
	           (match-string 1 x)))
      (append (split-string pathoutput ";")
             (split-string pathoutput ":")))))
	  (dolist (name (list nil) "NONE")
	    (dolist (dir dirs)
	      (when (and dir
	      	         (setq dir (directory-file-name dir))
                         (file-name-absolute-p dir)
	      	         (file-directory-p dir)
	                 (not (string-match "\\`\\.\\."
                           (setq reldir (file-relative-name dir expanded))))
			 (not (file-name-absolute-p reldir))
                         (let ((name name) (dir dir))
		           (while (and dir name
		                       (string= (file-name-nondirectory dir)
		                                (file-name-nondirectory name))
                              (setq dir (file-name-directory dir)
				   name (file-name-directory name))
			      (if (and dir name)
			         (setq dir (directory-file-name dir)
			              name (directory-file-name name)))))
		            (null name))
		   (throw 22
                      (if (string= reldir ".") (directory-file-name prefix)
                        (concat (file-name-as-directory prefix)
                                reldir))))))))))) (write-region (if (stringp x) x (prin1-to-string x)) nil "./conftest-9728")) ${datadir}/texmf /usr/local/share/texmf .:/home/feng/.texlive2011/texmf-config/tex/latex//:/home/feng/.texlive2011/texmf-var/tex/latex//:/home/feng/texmf/tex/latex//:!!/usr/local/texlive/2011/texmf-config/tex/latex//:!!/usr/local/texlive/2011/texmf-var/tex/latex//:!!/usr/local/texlive/2011/texmf/tex/latex//:!!/usr/local/texlive/2011/../texmf-local/tex/latex//:!!/usr/local/texlive/2011/texmf-dist/tex/latex//:/home/feng/.texlive2011/texmf-config/tex/generic//:/home/feng/.texlive2011/texmf-var/tex/generic//:/home/feng/texmf/tex/generic//:!!/usr/local/texlive/2011/texmf-config/tex/generic//:!!/usr/local/texlive/2011/texmf-var/tex/generic//:!!/usr/local/texlive/2011/texmf/tex/generic//:!!/usr/local/texlive/2011/../texmf-local/tex/generic//:!!/usr/local/texlive/2011/texmf-dist/tex/generic//:/home/feng/.texlive2011/texmf-config/tex///:/home/feng/.texlive2011/texmf-var/tex///:/home/feng/texmf/tex///:!!/usr/local/texlive/2011/texmf-config/tex///:!!/usr/local/texlive/2011/texmf-var/tex///:!!/usr/local/texlive/2011/texmf/tex///:!!/usr/local/texlive/2011/../texmf-local/tex///:!!/usr/local/texlive/2011/texmf-dist/tex///
Wrote /home/feng/.emacs.d/el-get/auctex/preview/conftest-9728
=> NONE
/usr/bin/emacs -batch -no-site-file -eval (let* ((prefix(pop command-line-args-left)) (expanded(pop command-line-args-left)) (pathoutput(pop command-line-args-left))(x (catch 22
       (let (reldir (dirs (mapcar (lambda(x)
              (and (string-match "\\`!*\\(.*\\)/tex/latex//+\\'" x)
	           (match-string 1 x)))
      (append (split-string pathoutput ";")
             (split-string pathoutput ":")))))
	  (dolist (name (list nil) "NONE")
	    (dolist (dir dirs)
	      (when (and dir
	      	         (setq dir (directory-file-name dir))
                         (file-name-absolute-p dir)
	      	         (file-directory-p dir)
	                 (not (string-match "\\`\\.\\."
                           (setq reldir (file-relative-name dir expanded))))
			 (not (file-name-absolute-p reldir))
                         (let ((name name) (dir dir))
		           (while (and dir name
		                       (string= (file-name-nondirectory dir)
		                                (file-name-nondirectory name))
                              (setq dir (file-name-directory dir)
				   name (file-name-directory name))
			      (if (and dir name)
			         (setq dir (directory-file-name dir)
			              name (directory-file-name name)))))
		            (null name))
		   (throw 22
                      (if (string= reldir ".") (directory-file-name prefix)
                        (concat (file-name-as-directory prefix)
                                reldir))))))))))) (write-region (if (stringp x) x (prin1-to-string x)) nil "./conftest-9728")) /usr/local/share/texmf-local /usr/local/share/texmf-local .:/home/feng/.texlive2011/texmf-config/tex/latex//:/home/feng/.texlive2011/texmf-var/tex/latex//:/home/feng/texmf/tex/latex//:!!/usr/local/texlive/2011/texmf-config/tex/latex//:!!/usr/local/texlive/2011/texmf-var/tex/latex//:!!/usr/local/texlive/2011/texmf/tex/latex//:!!/usr/local/texlive/2011/../texmf-local/tex/latex//:!!/usr/local/texlive/2011/texmf-dist/tex/latex//:/home/feng/.texlive2011/texmf-config/tex/generic//:/home/feng/.texlive2011/texmf-var/tex/generic//:/home/feng/texmf/tex/generic//:!!/usr/local/texlive/2011/texmf-config/tex/generic//:!!/usr/local/texlive/2011/texmf-var/tex/generic//:!!/usr/local/texlive/2011/texmf/tex/generic//:!!/usr/local/texlive/2011/../texmf-local/tex/generic//:!!/usr/local/texlive/2011/texmf-dist/tex/generic//:/home/feng/.texlive2011/texmf-config/tex///:/home/feng/.texlive2011/texmf-var/tex///:/home/feng/texmf/tex///:!!/usr/local/texlive/2011/texmf-config/tex///:!!/usr/local/texlive/2011/texmf-var/tex///:!!/usr/local/texlive/2011/texmf/tex///:!!/usr/local/texlive/2011/../texmf-local/tex///:!!/usr/local/texlive/2011/texmf-dist/tex///
Wrote /home/feng/.emacs.d/el-get/auctex/preview/conftest-9728
=> NONE
/usr/bin/emacs -batch -no-site-file -eval (let* ((prefix(pop command-line-args-left)) (expanded(pop command-line-args-left)) (pathoutput(pop command-line-args-left))(x (catch 22
       (let (reldir (dirs (mapcar (lambda(x)
              (and (string-match "\\`!*\\(.*\\)/tex/latex//+\\'" x)
	           (match-string 1 x)))
      (append (split-string pathoutput ";")
             (split-string pathoutput ":")))))
	  (dolist (name (list nil) "NONE")
	    (dolist (dir dirs)
	      (when (and dir
	      	         (setq dir (directory-file-name dir))
                         (file-name-absolute-p dir)
	      	         (file-directory-p dir)
	                 (not (string-match "\\`\\.\\."
                           (setq reldir (file-relative-name dir expanded))))
			 (not (file-name-absolute-p reldir))
                         (let ((name name) (dir dir))
		           (while (and dir name
		                       (string= (file-name-nondirectory dir)
		                                (file-name-nondirectory name))
                              (setq dir (file-name-directory dir)
				   name (file-name-directory name))
			      (if (and dir name)
			         (setq dir (directory-file-name dir)
			              name (directory-file-name name)))))
		            (null name))
		   (throw 22
                      (if (string= reldir ".") (directory-file-name prefix)
                        (concat (file-name-as-directory prefix)
                                reldir))))))))))) (write-region (if (stringp x) x (prin1-to-string x)) nil "./conftest-9728")) /usr/local/share/texmf /usr/local/share/texmf .:/home/feng/.texlive2011/texmf-config/tex/latex//:/home/feng/.texlive2011/texmf-var/tex/latex//:/home/feng/texmf/tex/latex//:!!/usr/local/texlive/2011/texmf-config/tex/latex//:!!/usr/local/texlive/2011/texmf-var/tex/latex//:!!/usr/local/texlive/2011/texmf/tex/latex//:!!/usr/local/texlive/2011/../texmf-local/tex/latex//:!!/usr/local/texlive/2011/texmf-dist/tex/latex//:/home/feng/.texlive2011/texmf-config/tex/generic//:/home/feng/.texlive2011/texmf-var/tex/generic//:/home/feng/texmf/tex/generic//:!!/usr/local/texlive/2011/texmf-config/tex/generic//:!!/usr/local/texlive/2011/texmf-var/tex/generic//:!!/usr/local/texlive/2011/texmf/tex/generic//:!!/usr/local/texlive/2011/../texmf-local/tex/generic//:!!/usr/local/texlive/2011/texmf-dist/tex/generic//:/home/feng/.texlive2011/texmf-config/tex///:/home/feng/.texlive2011/texmf-var/tex///:/home/feng/texmf/tex///:!!/usr/local/texlive/2011/texmf-config/tex///:!!/usr/local/texlive/2011/texmf-var/tex///:!!/usr/local/texlive/2011/texmf/tex///:!!/usr/local/texlive/2011/../texmf-local/tex///:!!/usr/local/texlive/2011/texmf-dist/tex///
Wrote /home/feng/.emacs.d/el-get/auctex/preview/conftest-9728
=> NONE
/usr/bin/emacs -batch -no-site-file -eval (let* ((prefix(pop command-line-args-left)) (expanded(pop command-line-args-left)) (pathoutput(pop command-line-args-left))(x (catch 22
       (let (reldir (dirs (mapcar (lambda(x)
              (and (string-match "\\`!*\\(.*\\)/tex/latex//+\\'" x)
	           (match-string 1 x)))
      (append (split-string pathoutput ";")
             (split-string pathoutput ":")))))
	  (dolist (name (list nil) "NONE")
	    (dolist (dir dirs)
	      (when (and dir
	      	         (setq dir (directory-file-name dir))
                         (file-name-absolute-p dir)
	      	         (file-directory-p dir)
	                 (not (string-match "\\`\\.\\."
                           (setq reldir (file-relative-name dir expanded))))
			 (not (file-name-absolute-p reldir))
                         (let ((name name) (dir dir))
		           (while (and dir name
		                       (string= (file-name-nondirectory dir)
		                                (file-name-nondirectory name))
                              (setq dir (file-name-directory dir)
				   name (file-name-directory name))
			      (if (and dir name)
			         (setq dir (directory-file-name dir)
			              name (directory-file-name name)))))
		            (null name))
		   (throw 22
                      (if (string= reldir ".") (directory-file-name prefix)
                        (concat (file-name-as-directory prefix)
                                reldir))))))))))) (write-region (if (stringp x) x (prin1-to-string x)) nil "./conftest-9728")) /usr/local/texmf-local /usr/local/texmf-local .:/home/feng/.texlive2011/texmf-config/tex/latex//:/home/feng/.texlive2011/texmf-var/tex/latex//:/home/feng/texmf/tex/latex//:!!/usr/local/texlive/2011/texmf-config/tex/latex//:!!/usr/local/texlive/2011/texmf-var/tex/latex//:!!/usr/local/texlive/2011/texmf/tex/latex//:!!/usr/local/texlive/2011/../texmf-local/tex/latex//:!!/usr/local/texlive/2011/texmf-dist/tex/latex//:/home/feng/.texlive2011/texmf-config/tex/generic//:/home/feng/.texlive2011/texmf-var/tex/generic//:/home/feng/texmf/tex/generic//:!!/usr/local/texlive/2011/texmf-config/tex/generic//:!!/usr/local/texlive/2011/texmf-var/tex/generic//:!!/usr/local/texlive/2011/texmf/tex/generic//:!!/usr/local/texlive/2011/../texmf-local/tex/generic//:!!/usr/local/texlive/2011/texmf-dist/tex/generic//:/home/feng/.texlive2011/texmf-config/tex///:/home/feng/.texlive2011/texmf-var/tex///:/home/feng/texmf/tex///:!!/usr/local/texlive/2011/texmf-config/tex///:!!/usr/local/texlive/2011/texmf-var/tex///:!!/usr/local/texlive/2011/texmf/tex///:!!/usr/local/texlive/2011/../texmf-local/tex///:!!/usr/local/texlive/2011/texmf-dist/tex///
Wrote /home/feng/.emacs.d/el-get/auctex/preview/conftest-9728
=> NONE
/usr/bin/emacs -batch -no-site-file -eval (let* ((prefix(pop command-line-args-left)) (expanded(pop command-line-args-left)) (pathoutput(pop command-line-args-left))(x (catch 22
       (let (reldir (dirs (mapcar (lambda(x)
              (and (string-match "\\`!*\\(.*\\)/tex/latex//+\\'" x)
	           (match-string 1 x)))
      (append (split-string pathoutput ";")
             (split-string pathoutput ":")))))
	  (dolist (name (list nil) "NONE")
	    (dolist (dir dirs)
	      (when (and dir
	      	         (setq dir (directory-file-name dir))
                         (file-name-absolute-p dir)
	      	         (file-directory-p dir)
	                 (not (string-match "\\`\\.\\."
                           (setq reldir (file-relative-name dir expanded))))
			 (not (file-name-absolute-p reldir))
                         (let ((name name) (dir dir))
		           (while (and dir name
		                       (string= (file-name-nondirectory dir)
		                                (file-name-nondirectory name))
                              (setq dir (file-name-directory dir)
				   name (file-name-directory name))
			      (if (and dir name)
			         (setq dir (directory-file-name dir)
			              name (directory-file-name name)))))
		            (null name))
		   (throw 22
                      (if (string= reldir ".") (directory-file-name prefix)
                        (concat (file-name-as-directory prefix)
                                reldir))))))))))) (write-region (if (stringp x) x (prin1-to-string x)) nil "./conftest-9728")) /usr/local/texmf /usr/local/texmf .:/home/feng/.texlive2011/texmf-config/tex/latex//:/home/feng/.texlive2011/texmf-var/tex/latex//:/home/feng/texmf/tex/latex//:!!/usr/local/texlive/2011/texmf-config/tex/latex//:!!/usr/local/texlive/2011/texmf-var/tex/latex//:!!/usr/local/texlive/2011/texmf/tex/latex//:!!/usr/local/texlive/2011/../texmf-local/tex/latex//:!!/usr/local/texlive/2011/texmf-dist/tex/latex//:/home/feng/.texlive2011/texmf-config/tex/generic//:/home/feng/.texlive2011/texmf-var/tex/generic//:/home/feng/texmf/tex/generic//:!!/usr/local/texlive/2011/texmf-config/tex/generic//:!!/usr/local/texlive/2011/texmf-var/tex/generic//:!!/usr/local/texlive/2011/texmf/tex/generic//:!!/usr/local/texlive/2011/../texmf-local/tex/generic//:!!/usr/local/texlive/2011/texmf-dist/tex/generic//:/home/feng/.texlive2011/texmf-config/tex///:/home/feng/.texlive2011/texmf-var/tex///:/home/feng/texmf/tex///:!!/usr/local/texlive/2011/texmf-config/tex///:!!/usr/local/texlive/2011/texmf-var/tex///:!!/usr/local/texlive/2011/texmf/tex///:!!/usr/local/texlive/2011/../texmf-local/tex///:!!/usr/local/texlive/2011/texmf-dist/tex///
Wrote /home/feng/.emacs.d/el-get/auctex/preview/conftest-9728
=> NONE
configure:2935: result: no
configure:2937: checking for TeX directory hierarchy
/usr/bin/emacs -batch -no-site-file -eval (let* ((prefix(pop command-line-args-left)) (expanded(pop command-line-args-left)) (pathoutput(pop command-line-args-left))(x (catch 22
       (let (reldir (dirs (mapcar (lambda(x)
              (and (string-match "\\`!*\\(.*[^/]\\)//+\\'" x)
	           (match-string 1 x)))
      (append (split-string pathoutput ";")
             (split-string pathoutput ":")))))
	  (dolist (name (list nil) "NONE")
	    (dolist (dir dirs)
	      (when (and dir
	      	         (setq dir (directory-file-name dir))
                         (file-name-absolute-p dir)
	      	         (file-directory-p dir)
	                 (not (string-match "\\`\\.\\."
                           (setq reldir (file-relative-name dir expanded))))
			 (not (file-name-absolute-p reldir))
                         (let ((name name) (dir dir))
		           (while (and dir name
		                       (string= (file-name-nondirectory dir)
		                                (file-name-nondirectory name))
                              (setq dir (file-name-directory dir)
				   name (file-name-directory name))
			      (if (and dir name)
			         (setq dir (directory-file-name dir)
			              name (directory-file-name name)))))
		            (null name))
		   (throw 22
                      (if (string= reldir ".") (directory-file-name prefix)
                        (concat (file-name-as-directory prefix)
                                reldir))))))))))) (write-region (if (stringp x) x (prin1-to-string x)) nil "./conftest-9728")) ${datadir}/texmf /usr/local/share/texmf .:/home/feng/.texlive2011/texmf-config/tex/latex//:/home/feng/.texlive2011/texmf-var/tex/latex//:/home/feng/texmf/tex/latex//:!!/usr/local/texlive/2011/texmf-config/tex/latex//:!!/usr/local/texlive/2011/texmf-var/tex/latex//:!!/usr/local/texlive/2011/texmf/tex/latex//:!!/usr/local/texlive/2011/../texmf-local/tex/latex//:!!/usr/local/texlive/2011/texmf-dist/tex/latex//:/home/feng/.texlive2011/texmf-config/tex/generic//:/home/feng/.texlive2011/texmf-var/tex/generic//:/home/feng/texmf/tex/generic//:!!/usr/local/texlive/2011/texmf-config/tex/generic//:!!/usr/local/texlive/2011/texmf-var/tex/generic//:!!/usr/local/texlive/2011/texmf/tex/generic//:!!/usr/local/texlive/2011/../texmf-local/tex/generic//:!!/usr/local/texlive/2011/texmf-dist/tex/generic//:/home/feng/.texlive2011/texmf-config/tex///:/home/feng/.texlive2011/texmf-var/tex///:/home/feng/texmf/tex///:!!/usr/local/texlive/2011/texmf-config/tex///:!!/usr/local/texlive/2011/texmf-var/tex///:!!/usr/local/texlive/2011/texmf/tex///:!!/usr/local/texlive/2011/../texmf-local/tex///:!!/usr/local/texlive/2011/texmf-dist/tex///
Wrote /home/feng/.emacs.d/el-get/auctex/preview/conftest-9728
=> NONE
/usr/bin/emacs -batch -no-site-file -eval (let* ((prefix(pop command-line-args-left)) (expanded(pop command-line-args-left)) (pathoutput(pop command-line-args-left))(x (catch 22
       (let (reldir (dirs (mapcar (lambda(x)
              (and (string-match "\\`!*\\(.*[^/]\\)//+\\'" x)
	           (match-string 1 x)))
      (append (split-string pathoutput ";")
             (split-string pathoutput ":")))))
	  (dolist (name (list nil) "NONE")
	    (dolist (dir dirs)
	      (when (and dir
	      	         (setq dir (directory-file-name dir))
                         (file-name-absolute-p dir)
	      	         (file-directory-p dir)
	                 (not (string-match "\\`\\.\\."
                           (setq reldir (file-relative-name dir expanded))))
			 (not (file-name-absolute-p reldir))
                         (let ((name name) (dir dir))
		           (while (and dir name
		                       (string= (file-name-nondirectory dir)
		                                (file-name-nondirectory name))
                              (setq dir (file-name-directory dir)
				   name (file-name-directory name))
			      (if (and dir name)
			         (setq dir (directory-file-name dir)
			              name (directory-file-name name)))))
		            (null name))
		   (throw 22
                      (if (string= reldir ".") (directory-file-name prefix)
                        (concat (file-name-as-directory prefix)
                                reldir))))))))))) (write-region (if (stringp x) x (prin1-to-string x)) nil "./conftest-9728")) /usr/local/share/texmf-local /usr/local/share/texmf-local .:/home/feng/.texlive2011/texmf-config/tex/latex//:/home/feng/.texlive2011/texmf-var/tex/latex//:/home/feng/texmf/tex/latex//:!!/usr/local/texlive/2011/texmf-config/tex/latex//:!!/usr/local/texlive/2011/texmf-var/tex/latex//:!!/usr/local/texlive/2011/texmf/tex/latex//:!!/usr/local/texlive/2011/../texmf-local/tex/latex//:!!/usr/local/texlive/2011/texmf-dist/tex/latex//:/home/feng/.texlive2011/texmf-config/tex/generic//:/home/feng/.texlive2011/texmf-var/tex/generic//:/home/feng/texmf/tex/generic//:!!/usr/local/texlive/2011/texmf-config/tex/generic//:!!/usr/local/texlive/2011/texmf-var/tex/generic//:!!/usr/local/texlive/2011/texmf/tex/generic//:!!/usr/local/texlive/2011/../texmf-local/tex/generic//:!!/usr/local/texlive/2011/texmf-dist/tex/generic//:/home/feng/.texlive2011/texmf-config/tex///:/home/feng/.texlive2011/texmf-var/tex///:/home/feng/texmf/tex///:!!/usr/local/texlive/2011/texmf-config/tex///:!!/usr/local/texlive/2011/texmf-var/tex///:!!/usr/local/texlive/2011/texmf/tex///:!!/usr/local/texlive/2011/../texmf-local/tex///:!!/usr/local/texlive/2011/texmf-dist/tex///
Wrote /home/feng/.emacs.d/el-get/auctex/preview/conftest-9728
=> NONE
/usr/bin/emacs -batch -no-site-file -eval (let* ((prefix(pop command-line-args-left)) (expanded(pop command-line-args-left)) (pathoutput(pop command-line-args-left))(x (catch 22
       (let (reldir (dirs (mapcar (lambda(x)
              (and (string-match "\\`!*\\(.*[^/]\\)//+\\'" x)
	           (match-string 1 x)))
      (append (split-string pathoutput ";")
             (split-string pathoutput ":")))))
	  (dolist (name (list nil) "NONE")
	    (dolist (dir dirs)
	      (when (and dir
	      	         (setq dir (directory-file-name dir))
                         (file-name-absolute-p dir)
	      	         (file-directory-p dir)
	                 (not (string-match "\\`\\.\\."
                           (setq reldir (file-relative-name dir expanded))))
			 (not (file-name-absolute-p reldir))
                         (let ((name name) (dir dir))
		           (while (and dir name
		                       (string= (file-name-nondirectory dir)
		                                (file-name-nondirectory name))
                              (setq dir (file-name-directory dir)
				   name (file-name-directory name))
			      (if (and dir name)
			         (setq dir (directory-file-name dir)
			              name (directory-file-name name)))))
		            (null name))
		   (throw 22
                      (if (string= reldir ".") (directory-file-name prefix)
                        (concat (file-name-as-directory prefix)
                                reldir))))))))))) (write-region (if (stringp x) x (prin1-to-string x)) nil "./conftest-9728")) /usr/local/share/texmf /usr/local/share/texmf .:/home/feng/.texlive2011/texmf-config/tex/latex//:/home/feng/.texlive2011/texmf-var/tex/latex//:/home/feng/texmf/tex/latex//:!!/usr/local/texlive/2011/texmf-config/tex/latex//:!!/usr/local/texlive/2011/texmf-var/tex/latex//:!!/usr/local/texlive/2011/texmf/tex/latex//:!!/usr/local/texlive/2011/../texmf-local/tex/latex//:!!/usr/local/texlive/2011/texmf-dist/tex/latex//:/home/feng/.texlive2011/texmf-config/tex/generic//:/home/feng/.texlive2011/texmf-var/tex/generic//:/home/feng/texmf/tex/generic//:!!/usr/local/texlive/2011/texmf-config/tex/generic//:!!/usr/local/texlive/2011/texmf-var/tex/generic//:!!/usr/local/texlive/2011/texmf/tex/generic//:!!/usr/local/texlive/2011/../texmf-local/tex/generic//:!!/usr/local/texlive/2011/texmf-dist/tex/generic//:/home/feng/.texlive2011/texmf-config/tex///:/home/feng/.texlive2011/texmf-var/tex///:/home/feng/texmf/tex///:!!/usr/local/texlive/2011/texmf-config/tex///:!!/usr/local/texlive/2011/texmf-var/tex///:!!/usr/local/texlive/2011/texmf/tex///:!!/usr/local/texlive/2011/../texmf-local/tex///:!!/usr/local/texlive/2011/texmf-dist/tex///
Wrote /home/feng/.emacs.d/el-get/auctex/preview/conftest-9728
=> NONE
/usr/bin/emacs -batch -no-site-file -eval (let* ((prefix(pop command-line-args-left)) (expanded(pop command-line-args-left)) (pathoutput(pop command-line-args-left))(x (catch 22
       (let (reldir (dirs (mapcar (lambda(x)
              (and (string-match "\\`!*\\(.*[^/]\\)//+\\'" x)
	           (match-string 1 x)))
      (append (split-string pathoutput ";")
             (split-string pathoutput ":")))))
	  (dolist (name (list nil) "NONE")
	    (dolist (dir dirs)
	      (when (and dir
	      	         (setq dir (directory-file-name dir))
                         (file-name-absolute-p dir)
	      	         (file-directory-p dir)
	                 (not (string-match "\\`\\.\\."
                           (setq reldir (file-relative-name dir expanded))))
			 (not (file-name-absolute-p reldir))
                         (let ((name name) (dir dir))
		           (while (and dir name
		                       (string= (file-name-nondirectory dir)
		                                (file-name-nondirectory name))
                              (setq dir (file-name-directory dir)
				   name (file-name-directory name))
			      (if (and dir name)
			         (setq dir (directory-file-name dir)
			              name (directory-file-name name)))))
		            (null name))
		   (throw 22
                      (if (string= reldir ".") (directory-file-name prefix)
                        (concat (file-name-as-directory prefix)
                                reldir))))))))))) (write-region (if (stringp x) x (prin1-to-string x)) nil "./conftest-9728")) /usr/local/texmf-local /usr/local/texmf-local .:/home/feng/.texlive2011/texmf-config/tex/latex//:/home/feng/.texlive2011/texmf-var/tex/latex//:/home/feng/texmf/tex/latex//:!!/usr/local/texlive/2011/texmf-config/tex/latex//:!!/usr/local/texlive/2011/texmf-var/tex/latex//:!!/usr/local/texlive/2011/texmf/tex/latex//:!!/usr/local/texlive/2011/../texmf-local/tex/latex//:!!/usr/local/texlive/2011/texmf-dist/tex/latex//:/home/feng/.texlive2011/texmf-config/tex/generic//:/home/feng/.texlive2011/texmf-var/tex/generic//:/home/feng/texmf/tex/generic//:!!/usr/local/texlive/2011/texmf-config/tex/generic//:!!/usr/local/texlive/2011/texmf-var/tex/generic//:!!/usr/local/texlive/2011/texmf/tex/generic//:!!/usr/local/texlive/2011/../texmf-local/tex/generic//:!!/usr/local/texlive/2011/texmf-dist/tex/generic//:/home/feng/.texlive2011/texmf-config/tex///:/home/feng/.texlive2011/texmf-var/tex///:/home/feng/texmf/tex///:!!/usr/local/texlive/2011/texmf-config/tex///:!!/usr/local/texlive/2011/texmf-var/tex///:!!/usr/local/texlive/2011/texmf/tex///:!!/usr/local/texlive/2011/../texmf-local/tex///:!!/usr/local/texlive/2011/texmf-dist/tex///
Wrote /home/feng/.emacs.d/el-get/auctex/preview/conftest-9728
=> NONE
/usr/bin/emacs -batch -no-site-file -eval (let* ((prefix(pop command-line-args-left)) (expanded(pop command-line-args-left)) (pathoutput(pop command-line-args-left))(x (catch 22
       (let (reldir (dirs (mapcar (lambda(x)
              (and (string-match "\\`!*\\(.*[^/]\\)//+\\'" x)
	           (match-string 1 x)))
      (append (split-string pathoutput ";")
             (split-string pathoutput ":")))))
	  (dolist (name (list nil) "NONE")
	    (dolist (dir dirs)
	      (when (and dir
	      	         (setq dir (directory-file-name dir))
                         (file-name-absolute-p dir)
	      	         (file-directory-p dir)
	                 (not (string-match "\\`\\.\\."
                           (setq reldir (file-relative-name dir expanded))))
			 (not (file-name-absolute-p reldir))
                         (let ((name name) (dir dir))
		           (while (and dir name
		                       (string= (file-name-nondirectory dir)
		                                (file-name-nondirectory name))
                              (setq dir (file-name-directory dir)
				   name (file-name-directory name))
			      (if (and dir name)
			         (setq dir (directory-file-name dir)
			              name (directory-file-name name)))))
		            (null name))
		   (throw 22
                      (if (string= reldir ".") (directory-file-name prefix)
                        (concat (file-name-as-directory prefix)
                                reldir))))))))))) (write-region (if (stringp x) x (prin1-to-string x)) nil "./conftest-9728")) /usr/local/texmf /usr/local/texmf .:/home/feng/.texlive2011/texmf-config/tex/latex//:/home/feng/.texlive2011/texmf-var/tex/latex//:/home/feng/texmf/tex/latex//:!!/usr/local/texlive/2011/texmf-config/tex/latex//:!!/usr/local/texlive/2011/texmf-var/tex/latex//:!!/usr/local/texlive/2011/texmf/tex/latex//:!!/usr/local/texlive/2011/../texmf-local/tex/latex//:!!/usr/local/texlive/2011/texmf-dist/tex/latex//:/home/feng/.texlive2011/texmf-config/tex/generic//:/home/feng/.texlive2011/texmf-var/tex/generic//:/home/feng/texmf/tex/generic//:!!/usr/local/texlive/2011/texmf-config/tex/generic//:!!/usr/local/texlive/2011/texmf-var/tex/generic//:!!/usr/local/texlive/2011/texmf/tex/generic//:!!/usr/local/texlive/2011/../texmf-local/tex/generic//:!!/usr/local/texlive/2011/texmf-dist/tex/generic//:/home/feng/.texlive2011/texmf-config/tex///:/home/feng/.texlive2011/texmf-var/tex///:/home/feng/texmf/tex///:!!/usr/local/texlive/2011/texmf-config/tex///:!!/usr/local/texlive/2011/texmf-var/tex///:!!/usr/local/texlive/2011/texmf/tex///:!!/usr/local/texlive/2011/../texmf-local/tex///:!!/usr/local/texlive/2011/texmf-dist/tex///
Wrote /home/feng/.emacs.d/el-get/auctex/preview/conftest-9728
=> NONE
/usr/bin/emacs -batch -no-site-file -eval (let* ((prefix(pop command-line-args-left)) (expanded(pop command-line-args-left)) (pathoutput(pop command-line-args-left))(x (catch 22
       (let (reldir (dirs (mapcar (lambda(x)
              (and (string-match "\\`!*\\(.*[^/]\\)//+\\'" x)
	           (match-string 1 x)))
      (append (split-string pathoutput ";")
             (split-string pathoutput ":")))))
	  (dolist (name (list nil) "NONE")
	    (dolist (dir dirs)
	      (when (and dir
	      	         (setq dir (directory-file-name dir))
                         (file-name-absolute-p dir)
	      	         (file-directory-p dir)
	                 (not (string-match "\\`\\.\\."
                           (setq reldir (file-relative-name dir expanded))))
			 (not (file-name-absolute-p reldir))
                         (let ((name name) (dir dir))
		           (while (and dir name
		                       (string= (file-name-nondirectory dir)
		                                (file-name-nondirectory name))
                              (setq dir (file-name-directory dir)
				   name (file-name-directory name))
			      (if (and dir name)
			         (setq dir (directory-file-name dir)
			              name (directory-file-name name)))))
		            (null name))
		   (throw 22
                      (if (string= reldir ".") (directory-file-name prefix)
                        (concat (file-name-as-directory prefix)
                                reldir))))))))))) (write-region (if (stringp x) x (prin1-to-string x)) nil "./conftest-9728")) ${datadir} /usr/local/share .:/home/feng/.texlive2011/texmf-config/tex/latex//:/home/feng/.texlive2011/texmf-var/tex/latex//:/home/feng/texmf/tex/latex//:!!/usr/local/texlive/2011/texmf-config/tex/latex//:!!/usr/local/texlive/2011/texmf-var/tex/latex//:!!/usr/local/texlive/2011/texmf/tex/latex//:!!/usr/local/texlive/2011/../texmf-local/tex/latex//:!!/usr/local/texlive/2011/texmf-dist/tex/latex//:/home/feng/.texlive2011/texmf-config/tex/generic//:/home/feng/.texlive2011/texmf-var/tex/generic//:/home/feng/texmf/tex/generic//:!!/usr/local/texlive/2011/texmf-config/tex/generic//:!!/usr/local/texlive/2011/texmf-var/tex/generic//:!!/usr/local/texlive/2011/texmf/tex/generic//:!!/usr/local/texlive/2011/../texmf-local/tex/generic//:!!/usr/local/texlive/2011/texmf-dist/tex/generic//:/home/feng/.texlive2011/texmf-config/tex///:/home/feng/.texlive2011/texmf-var/tex///:/home/feng/texmf/tex///:!!/usr/local/texlive/2011/texmf-config/tex///:!!/usr/local/texlive/2011/texmf-var/tex///:!!/usr/local/texlive/2011/texmf/tex///:!!/usr/local/texlive/2011/../texmf-local/tex///:!!/usr/local/texlive/2011/texmf-dist/tex///
Wrote /home/feng/.emacs.d/el-get/auctex/preview/conftest-9728
=> NONE
/usr/bin/emacs -batch -no-site-file -eval (let* ((prefix(pop command-line-args-left)) (expanded(pop command-line-args-left)) (pathoutput(pop command-line-args-left))(x (catch 22
       (let (reldir (dirs (mapcar (lambda(x)
              (and (string-match "\\`!*\\(.*[^/]\\)//+\\'" x)
	           (match-string 1 x)))
      (append (split-string pathoutput ";")
             (split-string pathoutput ":")))))
	  (dolist (name (list nil) "NONE")
	    (dolist (dir dirs)
	      (when (and dir
	      	         (setq dir (directory-file-name dir))
                         (file-name-absolute-p dir)
	      	         (file-directory-p dir)
	                 (not (string-match "\\`\\.\\."
                           (setq reldir (file-relative-name dir expanded))))
			 (not (file-name-absolute-p reldir))
                         (let ((name name) (dir dir))
		           (while (and dir name
		                       (string= (file-name-nondirectory dir)
		                                (file-name-nondirectory name))
                              (setq dir (file-name-directory dir)
				   name (file-name-directory name))
			      (if (and dir name)
			         (setq dir (directory-file-name dir)
			              name (directory-file-name name)))))
		            (null name))
		   (throw 22
                      (if (string= reldir ".") (directory-file-name prefix)
                        (concat (file-name-as-directory prefix)
                                reldir))))))))))) (write-region (if (stringp x) x (prin1-to-string x)) nil "./conftest-9728")) /usr/local/share /usr/local/share .:/home/feng/.texlive2011/texmf-config/tex/latex//:/home/feng/.texlive2011/texmf-var/tex/latex//:/home/feng/texmf/tex/latex//:!!/usr/local/texlive/2011/texmf-config/tex/latex//:!!/usr/local/texlive/2011/texmf-var/tex/latex//:!!/usr/local/texlive/2011/texmf/tex/latex//:!!/usr/local/texlive/2011/../texmf-local/tex/latex//:!!/usr/local/texlive/2011/texmf-dist/tex/latex//:/home/feng/.texlive2011/texmf-config/tex/generic//:/home/feng/.texlive2011/texmf-var/tex/generic//:/home/feng/texmf/tex/generic//:!!/usr/local/texlive/2011/texmf-config/tex/generic//:!!/usr/local/texlive/2011/texmf-var/tex/generic//:!!/usr/local/texlive/2011/texmf/tex/generic//:!!/usr/local/texlive/2011/../texmf-local/tex/generic//:!!/usr/local/texlive/2011/texmf-dist/tex/generic//:/home/feng/.texlive2011/texmf-config/tex///:/home/feng/.texlive2011/texmf-var/tex///:/home/feng/texmf/tex///:!!/usr/local/texlive/2011/texmf-config/tex///:!!/usr/local/texlive/2011/texmf-var/tex///:!!/usr/local/texlive/2011/texmf/tex///:!!/usr/local/texlive/2011/../texmf-local/tex///:!!/usr/local/texlive/2011/texmf-dist/tex///
Wrote /home/feng/.emacs.d/el-get/auctex/preview/conftest-9728
=> NONE
/usr/bin/emacs -batch -no-site-file -eval (let* ((prefix(pop command-line-args-left)) (expanded(pop command-line-args-left)) (pathoutput(pop command-line-args-left))(x (catch 22
       (let (reldir (dirs (mapcar (lambda(x)
              (and (string-match "\\`!*\\(.*[^/]\\)//+\\'" x)
	           (match-string 1 x)))
      (append (split-string pathoutput ";")
             (split-string pathoutput ":")))))
	  (dolist (name (list nil) "NONE")
	    (dolist (dir dirs)
	      (when (and dir
	      	         (setq dir (directory-file-name dir))
                         (file-name-absolute-p dir)
	      	         (file-directory-p dir)
	                 (not (string-match "\\`\\.\\."
                           (setq reldir (file-relative-name dir expanded))))
			 (not (file-name-absolute-p reldir))
                         (let ((name name) (dir dir))
		           (while (and dir name
		                       (string= (file-name-nondirectory dir)
		                                (file-name-nondirectory name))
                              (setq dir (file-name-directory dir)
				   name (file-name-directory name))
			      (if (and dir name)
			         (setq dir (directory-file-name dir)
			              name (directory-file-name name)))))
		            (null name))
		   (throw 22
                      (if (string= reldir ".") (directory-file-name prefix)
                        (concat (file-name-as-directory prefix)
                                reldir))))))))))) (write-region (if (stringp x) x (prin1-to-string x)) nil "./conftest-9728")) /usr/local /usr/local .:/home/feng/.texlive2011/texmf-config/tex/latex//:/home/feng/.texlive2011/texmf-var/tex/latex//:/home/feng/texmf/tex/latex//:!!/usr/local/texlive/2011/texmf-config/tex/latex//:!!/usr/local/texlive/2011/texmf-var/tex/latex//:!!/usr/local/texlive/2011/texmf/tex/latex//:!!/usr/local/texlive/2011/../texmf-local/tex/latex//:!!/usr/local/texlive/2011/texmf-dist/tex/latex//:/home/feng/.texlive2011/texmf-config/tex/generic//:/home/feng/.texlive2011/texmf-var/tex/generic//:/home/feng/texmf/tex/generic//:!!/usr/local/texlive/2011/texmf-config/tex/generic//:!!/usr/local/texlive/2011/texmf-var/tex/generic//:!!/usr/local/texlive/2011/texmf/tex/generic//:!!/usr/local/texlive/2011/../texmf-local/tex/generic//:!!/usr/local/texlive/2011/texmf-dist/tex/generic//:/home/feng/.texlive2011/texmf-config/tex///:/home/feng/.texlive2011/texmf-var/tex///:/home/feng/texmf/tex///:!!/usr/local/texlive/2011/texmf-config/tex///:!!/usr/local/texlive/2011/texmf-var/tex///:!!/usr/local/texlive/2011/texmf/tex///:!!/usr/local/texlive/2011/../texmf-local/tex///:!!/usr/local/texlive/2011/texmf-dist/tex///
Wrote /home/feng/.emacs.d/el-get/auctex/preview/conftest-9728
=> /usr/local/texlive/2011/texmf/tex/latex
configure:3074: result: /usr/local/texlive/2011/texmf/tex/latex
configure:3177: checking for texhash
configure:3195: found /usr/local/bin/texhash
configure:3207: result: /usr/local/bin/texhash
configure:3217: checking for initexmf
configure:3244: result: /usr/local/bin/texhash
configure:3303: checking for glaring installation conflicts
/usr/bin/emacs -batch -eval (let* ((packagelispdir(pop command-line-args-left)) (previewstartfile(pop command-line-args-left))(x 
  (concat
    (and (setq tmp (locate-library "preview.elc"))
         (not (string= (file-truename tmp)
	               (file-truename (expand-file-name "preview.elc"
                                      packagelispdir))))
         (format "Conflicting previous installation in `%s' found!\n"
                 (file-name-directory tmp)))
    (and (setq tmp (locate-library "preview-latex.el"))
         (not (string= (file-truename tmp)
                       (file-truename previewstartfile)))
         (format "Conflicting previous startup file `%s' found!\n" tmp))))) (write-region (if (stringp x) x (prin1-to-string x)) nil "./conftest-9728")) /home/feng/.emacs.d/el-get/auctex/auctex /home/feng/.emacs.d/el-get/auctex/preview-latex.el
Loading 00debian-vars...
Loading /etc/emacs23/site-start.d/50auctex.el (source)...
Loading /usr/share/emacs/23.3/site-lisp/auctex.el (source)...
Loading /usr/share/emacs/23.3/site-lisp/preview-latex.el (source)...
Loading /etc/emacs/site-start.d/50autoconf.el (source)...
Loading /etc/emacs/site-start.d/50cmake-data.el (source)...
Loading /etc/emacs/site-start.d/50devhelp.el (source)...
Loading /etc/emacs/site-start.d/50dictionaries-common.el (source)...
Loading debian-ispell...
Loading /var/cache/dictionaries-common/emacsen-ispell-default.el (source)...
Loading /var/cache/dictionaries-common/emacsen-ispell-dicts.el (source)...
Loading /etc/emacs/site-start.d/50gtk-doc-tools.el (source)...
Loading /etc/emacs/site-start.d/50psvn.el (source)...
Loading /etc/emacs/site-start.d/50python-docutils.el (source)...
Wrote /home/feng/.emacs.d/el-get/auctex/preview/conftest-9728
=> Conflicting previous installation in `/usr/share/emacs/23.3/site-lisp/auctex/' found!
Conflicting previous startup file `/usr/share/emacs/23.3/site-lisp/preview-latex.el' found!
configure:3356: result: ouch!

configure:3360: WARNING: Conflicting previous installation in `/usr/share/emacs/23.3/site-lisp/auctex/' found!
Conflicting previous startup file `/usr/share/emacs/23.3/site-lisp/preview-latex.el' found!

configure:3599: creating ./config.status

## ---------------------- ##
## Running config.status. ##
## ---------------------- ##

This file was extended by preview-latex config.status 11.84, which was
generated by GNU Autoconf 2.68.  Invocation command line was

  CONFIG_FILES    = 
  CONFIG_HEADERS  = 
  CONFIG_LINKS    = 
  CONFIG_COMMANDS = 
  $ ./config.status 

on feng

config.status:755: creating Makefile
config.status:755: creating auto.el
config.status:755: creating latex/Makefile

## ---------------- ##
## Cache variables. ##
## ---------------- ##

ac_cv_env_GS_set=
ac_cv_env_GS_value=
ac_cv_env_TEXHASH_set=
ac_cv_env_TEXHASH_value=
ac_cv_env_build_alias_set=
ac_cv_env_build_alias_value=
ac_cv_env_host_alias_set=
ac_cv_env_host_alias_value=
ac_cv_env_target_alias_set=
ac_cv_env_target_alias_value=
ac_cv_path_EMACS=/usr/bin/emacs
ac_cv_path_LATEX=/usr/local/bin/latex
ac_cv_path_PDFLATEX=/usr/local/bin/pdflatex
ac_cv_path_TEX=/usr/local/bin/tex
ac_cv_path_TEXHASH=/usr/local/bin/texhash
ac_cv_path_install='/usr/bin/install -c'
ac_cv_prog_GS=gs
ac_cv_prog_TEXHASH=/usr/local/bin/texhash
ac_cv_prog_make_make_set=yes

## ----------------- ##
## Output variables. ##
## ----------------- ##

DEFS='-DPACKAGE_NAME=\"preview-latex\" -DPACKAGE_TARNAME=\"preview-latex\" -DPACKAGE_VERSION=\"11.84\" -DPACKAGE_STRING=\"preview-latex\ 11.84\" -DPACKAGE_BUGREPORT=\"bug-auctex@gnu.org\" -DPACKAGE_URL=\"\"'
ECHO_C=''
ECHO_N='-n'
ECHO_T=''
EMACS='/usr/bin/emacs'
EMACS_FLAVOR='emacs'
GS='gs'
INSTALL_DATA='${INSTALL} -m 644'
INSTALL_PROGRAM='${INSTALL}'
INSTALL_SCRIPT='${INSTALL}'
LATEX='/usr/local/bin/latex'
LIBOBJS=''
LIBS=''
LTLIBOBJS=''
PACKAGE_BUGREPORT='bug-auctex@gnu.org'
PACKAGE_NAME='preview-latex'
PACKAGE_STRING='preview-latex 11.84'
PACKAGE_TARNAME='preview-latex'
PACKAGE_URL=''
PACKAGE_VERSION='11.84'
PATH_SEPARATOR=':'
PDFLATEX='/usr/local/bin/pdflatex'
PLAT_LISP='prv-emacs.el'
SET_MAKE=''
SHELL='/bin/bash'
TEX='/usr/local/bin/tex'
TEXHASH='/usr/local/bin/texhash'
TEXMFGEN='preview.sty prauctex.def prauctex.cfg prshowbox.def prshowlabels.def prtracingall.def prtightpage.def prlyx.def prcounters.def prfootnotes.def'
XEMACS='no'
auctexdir='..'
bindir='${exec_prefix}/bin'
build_alias=''
datadir='${datarootdir}'
datarootdir='${prefix}/share'
docdir='${datarootdir}/doc/${PACKAGE_TARNAME}'
dvidir='${docdir}'
exec_prefix='${prefix}'
host_alias=''
htmldir='${docdir}'
includedir='${prefix}/include'
infodir='${datarootdir}/info'
libdir='${exec_prefix}/lib'
libexecdir='${exec_prefix}/libexec'
lispGS=''
lispdir='/home/feng/.emacs.d/el-get/auctex'
lisppackagedatadir='(expand-file-name "auctex" (file-name-directory load-file-name))'
lisppackagelispdir='(expand-file-name "auctex" (file-name-directory load-file-name))'
lisppackagetexstyles=''
localedir='${datarootdir}/locale'
localstatedir='${prefix}/var'
mandir='${datarootdir}/man'
oldincludedir='/usr/include'
packagedatadir='/home/feng/.emacs.d/el-get/auctex/auctex'
packagedir='no'
packagelispdir='/home/feng/.emacs.d/el-get/auctex/auctex'
packagetexstyles=''
pdfdir='${docdir}'
prefix='/usr/local'
previewdocdir='/usr/local/texlive/2011/texmf/tex/latex/preview'
previewstartfile='/home/feng/.emacs.d/el-get/auctex/preview-latex.el'
previewtexmfdir='/usr/local/texlive/2011/texmf/tex/latex/preview'
program_transform_name='s,x,x,'
psdir='${docdir}'
sbindir='${exec_prefix}/sbin'
sharedstatedir='${prefix}/com'
sysconfdir='${prefix}/etc'
target_alias=''
texmfdir='/usr/local/texlive/2011/texmf/tex/latex'

## ----------- ##
## confdefs.h. ##
## ----------- ##

/* confdefs.h */
#define PACKAGE_NAME "preview-latex"
#define PACKAGE_TARNAME "preview-latex"
#define PACKAGE_VERSION "11.84"
#define PACKAGE_STRING "preview-latex 11.84"
#define PACKAGE_BUGREPORT "bug-auctex@gnu.org"
#define PACKAGE_URL ""

configure: exit 0
